0 info it worked if it ends with ok
1 verbose cli [ 'C:\\Program Files\\nodejs\\node.exe',
1 verbose cli   'C:\\Program Files\\nodejs\\node_modules\\npm\\bin\\npm-cli.js',
1 verbose cli   'run',
1 verbose cli   'lint' ]
2 info using npm@3.8.9
3 info using node@v6.2.0
4 verbose run-script [ 'prelint', 'lint', 'postlint' ]
5 info lifecycle data_gaopeng@1.0.0~prelint: data_gaopeng@1.0.0
6 silly lifecycle data_gaopeng@1.0.0~prelint: no script for prelint, continuing
7 info lifecycle data_gaopeng@1.0.0~lint: data_gaopeng@1.0.0
8 verbose lifecycle data_gaopeng@1.0.0~lint: unsafe-perm in lifecycle true
9 verbose lifecycle data_gaopeng@1.0.0~lint: PATH: C:\Program Files\nodejs\node_modules\npm\bin\node-gyp-bin;D:\work\github\react_demo\node_modules\.bin;C:\Program Files\nodejs;C:\ProgramData\Oracle\Java\javapath;C:\Program Files (x86)\Intel\iCLS Client\;C:\Program Files\Intel\iCLS Client\;C:\Windows\system32;C:\Windows;C:\Windows\System32\Wbem;C:\Windows\System32\WindowsPowerShell\v1.0\;C:\Program Files (x86)\NVIDIA Corporation\PhysX\Common;C:\Program Files (x86)\Intel\Intel(R) Management Engine Components\DAL;C:\Program Files\Intel\Intel(R) Management Engine Components\DAL;C:\Program Files (x86)\Intel\Intel(R) Management Engine Components\IPT;C:\Program Files\Intel\Intel(R) Management Engine Components\IPT;C:\Program Files\Intel\WiFi\bin\;C:\Program Files\Common Files\Intel\WirelessCommon\;C:\Program Files\nodejs\;C:\Program Files\TortoiseSVN\bin;C:\Program Files\Microsoft SQL Server\110\Tools\Binn\;C:\WINDOWS\system32;C:\WINDOWS;C:\WINDOWS\System32\Wbem;C:\WINDOWS\System32\WindowsPowerShell\v1.0\;C:\Program Files\dotnet\;C:\ProgramData\ComposerSetup\bin;D:\Program Files (x86)\Microsoft VS Code\bin;C:\Users\a3264\AppData\Roaming\npm;D:\wamp\bin\mysql\mysql5.6.17\bin;D:\wamp\bin\php\php5.5.12;C:\Users\a3264\AppData\Local\Microsoft\WindowsApps;C:\Program Files\Java\jdk1.8.0_111\bin;C:\Users\a3264\AppData\Roaming\Composer\vendor\bin
10 verbose lifecycle data_gaopeng@1.0.0~lint: CWD: D:\work\github\react_demo
11 silly lifecycle data_gaopeng@1.0.0~lint: Args: [ '/d /s /c', 'eslint app/main.jsx' ]
12 silly lifecycle data_gaopeng@1.0.0~lint: Returned: code: 1  signal: null
13 info lifecycle data_gaopeng@1.0.0~lint: Failed to exec lint script
14 verbose stack Error: data_gaopeng@1.0.0 lint: `eslint app/main.jsx`
14 verbose stack Exit status 1
14 verbose stack     at EventEmitter.<anonymous> (C:\Program Files\nodejs\node_modules\npm\lib\utils\lifecycle.js:245:16)
14 verbose stack     at emitTwo (events.js:106:13)
14 verbose stack     at EventEmitter.emit (events.js:191:7)
14 verbose stack     at ChildProcess.<anonymous> (C:\Program Files\nodejs\node_modules\npm\lib\utils\spawn.js:24:14)
14 verbose stack     at emitTwo (events.js:106:13)
14 verbose stack     at ChildProcess.emit (events.js:191:7)
14 verbose stack     at maybeClose (internal/child_process.js:850:16)
14 verbose stack     at Process.ChildProcess._handle.onexit (internal/child_process.js:215:5)
15 verbose pkgid data_gaopeng@1.0.0
16 verbose cwd D:\work\github\react_demo
17 error Windows_NT 10.0.14393
18 error argv "C:\\Program Files\\nodejs\\node.exe" "C:\\Program Files\\nodejs\\node_modules\\npm\\bin\\npm-cli.js" "run" "lint"
19 error node v6.2.0
20 error npm  v3.8.9
21 error code ELIFECYCLE
22 error data_gaopeng@1.0.0 lint: `eslint app/main.jsx`
22 error Exit status 1
23 error Failed at the data_gaopeng@1.0.0 lint script 'eslint app/main.jsx'.
23 error Make sure you have the latest version of node.js and npm installed.
23 error If you do, this is most likely a problem with the data_gaopeng package,
23 error not with npm itself.
23 error Tell the author that this fails on your system:
23 error     eslint app/main.jsx
23 error You can get information on how to open an issue for this project with:
23 error     npm bugs data_gaopeng
23 error Or if that isn't available, you can get their info via:
23 error     npm owner ls data_gaopeng
23 error There is likely additional logging output above.
24 verbose exit [ 1, true ]
